<?xml version="1.0" encoding="UTF-8"?>
<!-- Generated by org.testng.reporters.JUnitXMLReporter -->
<testsuite ignored="0" hostname="CHUY-SURFACE-PRO-8" failures="0" tests="5" name="UIAutomationTests" time="51.169" errors="0" timestamp="2026-03-22T13:15:12 EDT">
  <testcase classname="tests.TestCases" name="validateLoginSuccess" time="2.828"/>
  <testcase classname="tests.TestCases" name="validateAddOneItemToCart" time="12.121"/>
  <testcase classname="tests.TestCases" name="validateAddTwoItemsToCart" time="14.373"/>
  <testcase classname="tests.TestCases" name="validateLoginFailure" time="3.879"/>
  <testcase classname="tests.TestCases" name="validateSignup" time="6.958"/>
</testsuite> <!-- UIAutomationTests -->
