<?xml version="1.0" encoding="UTF-8"?>
<!-- Generated by org.testng.reporters.JUnitXMLReporter -->
<testsuite ignored="0" hostname="CHUY-SURFACE-PRO-8" failures="0" tests="5" name="Command line test" time="5.772" errors="0" timestamp="2026-03-22T15:57:46 EDT">
  <testcase classname="base.BaseTest" name="@BeforeMethod setup" time="5.691">
    <failure type="org.openqa.selenium.WebDriverException" message="unknown error: net::ERR_CONNECTION_REFUSED
  (Session info: chrome=145.0.7632.159)
Build info: version: &amp;apos;4.34.0&amp;apos;, revision: &amp;apos;707dcb4246*&amp;apos;
System info: os.name: &amp;apos;Linux&amp;apos;, os.arch: &amp;apos;amd64&amp;apos;, os.version: &amp;apos;6.6.87.2-microsoft-standard-WSL2&amp;apos;, java.version: &amp;apos;17.0.18&amp;apos;
Driver info: org.openqa.selenium.chrome.ChromeDriver
Command: [8762df4858b9c733658596ed81ddca20, get {url=http://localhost:8080/medicare2/}]
Capabilities {acceptInsecureCerts: false, browserName: chrome, browserVersion: 145.0.7632.159, chrome: {chromedriverVersion: 145.0.7632.117 (de4e5d6e13b..., userDataDir: /tmp/org.chromium.Chromium....}, fedcm:accounts: true, goog:chromeOptions: {debuggerAddress: localhost:36545}, goog:processID: 33900, networkConnectionEnabled: false, pageLoadStrategy: normal, platformName: linux, proxy: Proxy(), se:cdp: ws://localhost:36545/devtoo..., se:cdpVersion: 145.0.7632.159, setWindowRect: true, strictFileInteractability: false, timeouts: {implicit: 0, pageLoad: 300000, script: 30000}, unhandledPromptBehavior: dismiss and notify, webauthn:extension:credBlob: true, webauthn:extension:largeBlob: true, webauthn:extension:minPinLength: true, webauthn:extension:prf: true, webauthn:virtualAuthenticators: true}
Session ID: 8762df4858b9c733658596ed81ddca20">
      <![CDATA[org.openqa.selenium.WebDriverException: unknown error: net::ERR_CONNECTION_REFUSED
  (Session info: chrome=145.0.7632.159)
Build info: version: '4.34.0', revision: '707dcb4246*'
System info: os.name: 'Linux', os.arch: 'amd64', os.version: '6.6.87.2-microsoft-standard-WSL2', java.version: '17.0.18'
Driver info: org.openqa.selenium.chrome.ChromeDriver
Command: [8762df4858b9c733658596ed81ddca20, get {url=http://localhost:8080/medicare2/}]
Capabilities {acceptInsecureCerts: false, browserName: chrome, browserVersion: 145.0.7632.159, chrome: {chromedriverVersion: 145.0.7632.117 (de4e5d6e13b..., userDataDir: /tmp/org.chromium.Chromium....}, fedcm:accounts: true, goog:chromeOptions: {debuggerAddress: localhost:36545}, goog:processID: 33900, networkConnectionEnabled: false, pageLoadStrategy: normal, platformName: linux, proxy: Proxy(), se:cdp: ws://localhost:36545/devtoo..., se:cdpVersion: 145.0.7632.159, setWindowRect: true, strictFileInteractability: false, timeouts: {implicit: 0, pageLoad: 300000, script: 30000}, unhandledPromptBehavior: dismiss and notify, webauthn:extension:credBlob: true, webauthn:extension:largeBlob: true, webauthn:extension:minPinLength: true, webauthn:extension:prf: true, webauthn:virtualAuthenticators: true}
Session ID: 8762df4858b9c733658596ed81ddca20
at org.openqa.selenium.remote.ErrorCodec.decode(ErrorCodec.java:167)
at org.openqa.selenium.remote.codec.w3c.W3CHttpResponseCodec.decode(W3CHttpResponseCodec.java:138)
at org.openqa.selenium.remote.codec.w3c.W3CHttpResponseCodec.decode(W3CHttpResponseCodec.java:50)
at org.openqa.selenium.remote.HttpCommandExecutor.execute(HttpCommandExecutor.java:215)
at org.openqa.selenium.remote.service.DriverCommandExecutor.invokeExecute(DriverCommandExecutor.java:216)
at org.openqa.selenium.remote.service.DriverCommandExecutor.execute(DriverCommandExecutor.java:174)
at org.openqa.selenium.remote.RemoteWebDriver.execute(RemoteWebDriver.java:544)
at org.openqa.selenium.remote.RemoteWebDriver.get(RemoteWebDriver.java:312)
at base.BaseTest.setup(BaseTest.java:33)
at java.base/java.util.ArrayList.forEach(ArrayList.java:1511)
... Removed 46 stack frames]]>
    </failure>
  </testcase> <!-- @BeforeMethod setup -->
  <testcase classname="base.BaseTest" name="@AfterMethod teardown" time="-1.77420946639E9">
    <skipped/>
  </testcase> <!-- @AfterMethod teardown -->
  <testcase classname="base.BaseTest" name="@BeforeMethod setup" time="-1.774209466393E9">
    <skipped/>
  </testcase> <!-- @BeforeMethod setup -->
  <testcase classname="base.BaseTest" name="@AfterMethod teardown" time="-1.774209466394E9">
    <skipped/>
  </testcase> <!-- @AfterMethod teardown -->
  <testcase classname="base.BaseTest" name="@BeforeMethod setup" time="-1.774209466394E9">
    <skipped/>
  </testcase> <!-- @BeforeMethod setup -->
  <testcase classname="base.BaseTest" name="@AfterMethod teardown" time="-1.774209466395E9">
    <skipped/>
  </testcase> <!-- @AfterMethod teardown -->
  <testcase classname="base.BaseTest" name="@BeforeMethod setup" time="-1.774209466396E9">
    <skipped/>
  </testcase> <!-- @BeforeMethod setup -->
  <testcase classname="base.BaseTest" name="@AfterMethod teardown" time="-1.774209466396E9">
    <skipped/>
  </testcase> <!-- @AfterMethod teardown -->
  <testcase classname="base.BaseTest" name="@BeforeMethod setup" time="-1.774209466396E9">
    <skipped/>
  </testcase> <!-- @BeforeMethod setup -->
  <testcase classname="base.BaseTest" name="@AfterMethod teardown" time="-1.774209466397E9">
    <skipped/>
  </testcase> <!-- @AfterMethod teardown -->
  <testcase classname="tests.TestCases" name="validateLoginSuccess" time="0.0">
    <skipped/>
  </testcase> <!-- validateLoginSuccess -->
  <testcase classname="tests.TestCases" name="validateAddOneItemToCart" time="0.0">
    <skipped/>
  </testcase> <!-- validateAddOneItemToCart -->
  <testcase classname="tests.TestCases" name="validateAddTwoItemsToCart" time="0.0">
    <skipped/>
  </testcase> <!-- validateAddTwoItemsToCart -->
  <testcase classname="tests.TestCases" name="validateLoginFailure" time="0.0">
    <skipped/>
  </testcase> <!-- validateLoginFailure -->
  <testcase classname="tests.TestCases" name="validateSignup" time="0.0">
    <skipped/>
  </testcase> <!-- validateSignup -->
</testsuite> <!-- Command line test -->
