<?xml version="1.0" encoding="UTF-8"?>
<!-- Generated by org.testng.reporters.JUnitXMLReporter -->
<testsuite ignored="0" hostname="CHUY-SURFACE-PRO-8" failures="0" tests="5" name="Command line test" time="52.916" errors="0" timestamp="2026-03-22T13:11:05 EDT">
  <testcase classname="tests.TestCases" name="validateLoginSuccess" time="2.779"/>
  <testcase classname="tests.TestCases" name="validateAddOneItemToCart" time="12.079"/>
  <testcase classname="tests.TestCases" name="validateAddTwoItemsToCart" time="15.354"/>
  <testcase classname="tests.TestCases" name="validateLoginFailure" time="3.826"/>
  <testcase classname="tests.TestCases" name="validateSignup" time="7.175"/>
</testsuite> <!-- Command line test -->
