<?xml version="1.0" encoding="UTF-8"?>
<testng-results ignored="0" total="5" passed="5" failed="0" skipped="0">
  <reporter-output>
  </reporter-output>
  <suite started-at="2026-03-22T13:10:12 EDT" name="Command line suite" finished-at="2026-03-22T13:11:05 EDT" duration-ms="52916">
    <groups>
    </groups>
    <test started-at="2026-03-22T13:10:12 EDT" name="Command line test" finished-at="2026-03-22T13:11:05 EDT" duration-ms="52916">
      <class name="tests.TestCases">
        <test-method is-config="true" signature="setup()[pri:0, instance:tests.TestCases@32a068d1]" started-at="2026-03-22T13:10:12 EDT" name="setup" finished-at="2026-03-22T13:10:15 EDT" duration-ms="2769" status="PASS">
          <reporter-output>
          </reporter-output>
        </test-method> <!-- setup -->
        <test-method signature="validateLoginSuccess()[pri:1, instance:tests.TestCases@32a068d1]" started-at="2026-03-22T13:10:15 EDT" name="validateLoginSuccess" description="Validate login with correct credentials" finished-at="2026-03-22T13:10:17 EDT" duration-ms="2779" status="PASS">
          <reporter-output>
          </reporter-output>
        </test-method> <!-- validateLoginSuccess -->
        <test-method is-config="true" signature="teardown()[pri:0, instance:tests.TestCases@32a068d1]" started-at="2026-03-22T13:10:17 EDT" name="teardown" finished-at="2026-03-22T13:10:18 EDT" duration-ms="258" status="PASS">
          <reporter-output>
          </reporter-output>
        </test-method> <!-- teardown -->
        <test-method is-config="true" signature="setup()[pri:0, instance:tests.TestCases@32a068d1]" started-at="2026-03-22T13:10:18 EDT" name="setup" finished-at="2026-03-22T13:10:20 EDT" duration-ms="1992" status="PASS">
          <reporter-output>
          </reporter-output>
        </test-method> <!-- setup -->
        <test-method signature="validateAddOneItemToCart()[pri:2, instance:tests.TestCases@32a068d1]" started-at="2026-03-22T13:10:20 EDT" name="validateAddOneItemToCart" description="Validate adding one item to the cart and checkout" finished-at="2026-03-22T13:10:32 EDT" duration-ms="12079" status="PASS">
          <reporter-output>
          </reporter-output>
        </test-method> <!-- validateAddOneItemToCart -->
        <test-method is-config="true" signature="teardown()[pri:0, instance:tests.TestCases@32a068d1]" started-at="2026-03-22T13:10:32 EDT" name="teardown" finished-at="2026-03-22T13:10:32 EDT" duration-ms="238" status="PASS">
          <reporter-output>
          </reporter-output>
        </test-method> <!-- teardown -->
        <test-method is-config="true" signature="setup()[pri:0, instance:tests.TestCases@32a068d1]" started-at="2026-03-22T13:10:32 EDT" name="setup" finished-at="2026-03-22T13:10:34 EDT" duration-ms="2032" status="PASS">
          <reporter-output>
          </reporter-output>
        </test-method> <!-- setup -->
        <test-method signature="validateAddTwoItemsToCart()[pri:3, instance:tests.TestCases@32a068d1]" started-at="2026-03-22T13:10:34 EDT" name="validateAddTwoItemsToCart" description="Validate adding two items to the cart and checkout" finished-at="2026-03-22T13:10:49 EDT" duration-ms="15354" status="PASS">
          <reporter-output>
          </reporter-output>
        </test-method> <!-- validateAddTwoItemsToCart -->
        <test-method is-config="true" signature="teardown()[pri:0, instance:tests.TestCases@32a068d1]" started-at="2026-03-22T13:10:49 EDT" name="teardown" finished-at="2026-03-22T13:10:50 EDT" duration-ms="323" status="PASS">
          <reporter-output>
          </reporter-output>
        </test-method> <!-- teardown -->
        <test-method is-config="true" signature="setup()[pri:0, instance:tests.TestCases@32a068d1]" started-at="2026-03-22T13:10:50 EDT" name="setup" finished-at="2026-03-22T13:10:51 EDT" duration-ms="1676" status="PASS">
          <reporter-output>
          </reporter-output>
        </test-method> <!-- setup -->
        <test-method signature="validateLoginFailure()[pri:4, instance:tests.TestCases@32a068d1]" started-at="2026-03-22T13:10:51 EDT" name="validateLoginFailure" description="Validate login with incorrect credentials" finished-at="2026-03-22T13:10:55 EDT" duration-ms="3826" status="PASS">
          <reporter-output>
          </reporter-output>
        </test-method> <!-- validateLoginFailure -->
        <test-method is-config="true" signature="teardown()[pri:0, instance:tests.TestCases@32a068d1]" started-at="2026-03-22T13:10:55 EDT" name="teardown" finished-at="2026-03-22T13:10:55 EDT" duration-ms="208" status="PASS">
          <reporter-output>
          </reporter-output>
        </test-method> <!-- teardown -->
        <test-method is-config="true" signature="setup()[pri:0, instance:tests.TestCases@32a068d1]" started-at="2026-03-22T13:10:55 EDT" name="setup" finished-at="2026-03-22T13:10:57 EDT" duration-ms="1938" status="PASS">
          <reporter-output>
          </reporter-output>
        </test-method> <!-- setup -->
        <test-method signature="validateSignup()[pri:5, instance:tests.TestCases@32a068d1]" started-at="2026-03-22T13:10:57 EDT" name="validateSignup" description="Validate the SignUp as User scenario" finished-at="2026-03-22T13:11:04 EDT" duration-ms="7175" status="PASS">
          <reporter-output>
          </reporter-output>
        </test-method> <!-- validateSignup -->
        <test-method is-config="true" signature="teardown()[pri:0, instance:tests.TestCases@32a068d1]" started-at="2026-03-22T13:11:04 EDT" name="teardown" finished-at="2026-03-22T13:11:05 EDT" duration-ms="231" status="PASS">
          <reporter-output>
          </reporter-output>
        </test-method> <!-- teardown -->
      </class> <!-- tests.TestCases -->
    </test> <!-- Command line test -->
  </suite> <!-- Command line suite -->
</testng-results>
