<?xml version="1.0" encoding="UTF-8" ?>
<testsuite tests="5" failures="0" name="TestSuite" time="41.224" errors="0" skipped="0">
  <properties>
[...]
</properties>
  <testcase classname="tests.TestCases" name="validateLoginSuccess" time="2.783"/>
  <testcase classname="tests.TestCases" name="validateAddOneItemToCart" time="12.083"/>
  <testcase classname="tests.TestCases" name="validateAddTwoItemsToCart" time="15.356"/>
  <testcase classname="tests.TestCases" name="validateLoginFailure" time="3.827"/>
  <testcase classname="tests.TestCases" name="validateSignup" time="7.175"/>
</testsuite>