<?xml version="1.0" encoding="UTF-8"?>
<testng-results ignored="0" total="5" passed="5" failed="0" skipped="0">
  <reporter-output>
  </reporter-output>
  <suite started-at="2026-03-22T13:14:21 EDT" name="MedicareAutomationSuite" finished-at="2026-03-22T13:15:12 EDT" duration-ms="51169">
    <groups>
    </groups>
    <test started-at="2026-03-22T13:14:21 EDT" name="UIAutomationTests" finished-at="2026-03-22T13:15:12 EDT" duration-ms="51169">
      <class name="tests.TestCases">
        <test-method is-config="true" signature="setup()[pri:0, instance:tests.TestCases@6a192cfe]" started-at="2026-03-22T13:14:21 EDT" name="setup" finished-at="2026-03-22T13:14:23 EDT" duration-ms="2320" status="PASS">
          <reporter-output>
          </reporter-output>
        </test-method> <!-- setup -->
        <test-method signature="validateLoginSuccess()[pri:1, instance:tests.TestCases@6a192cfe]" started-at="2026-03-22T13:14:23 EDT" name="validateLoginSuccess" description="Validate login with correct credentials" finished-at="2026-03-22T13:14:26 EDT" duration-ms="2828" status="PASS">
          <reporter-output>
          </reporter-output>
        </test-method> <!-- validateLoginSuccess -->
        <test-method is-config="true" signature="teardown()[pri:0, instance:tests.TestCases@6a192cfe]" started-at="2026-03-22T13:14:26 EDT" name="teardown" finished-at="2026-03-22T13:14:26 EDT" duration-ms="201" status="PASS">
          <reporter-output>
          </reporter-output>
        </test-method> <!-- teardown -->
        <test-method is-config="true" signature="setup()[pri:0, instance:tests.TestCases@6a192cfe]" started-at="2026-03-22T13:14:26 EDT" name="setup" finished-at="2026-03-22T13:14:28 EDT" duration-ms="1556" status="PASS">
          <reporter-output>
          </reporter-output>
        </test-method> <!-- setup -->
        <test-method signature="validateAddOneItemToCart()[pri:2, instance:tests.TestCases@6a192cfe]" started-at="2026-03-22T13:14:28 EDT" name="validateAddOneItemToCart" description="Validate adding one item to the cart and checkout" finished-at="2026-03-22T13:14:40 EDT" duration-ms="12121" status="PASS">
          <reporter-output>
          </reporter-output>
        </test-method> <!-- validateAddOneItemToCart -->
        <test-method is-config="true" signature="teardown()[pri:0, instance:tests.TestCases@6a192cfe]" started-at="2026-03-22T13:14:40 EDT" name="teardown" finished-at="2026-03-22T13:14:40 EDT" duration-ms="231" status="PASS">
          <reporter-output>
          </reporter-output>
        </test-method> <!-- teardown -->
        <test-method is-config="true" signature="setup()[pri:0, instance:tests.TestCases@6a192cfe]" started-at="2026-03-22T13:14:40 EDT" name="setup" finished-at="2026-03-22T13:14:42 EDT" duration-ms="1996" status="PASS">
          <reporter-output>
          </reporter-output>
        </test-method> <!-- setup -->
        <test-method signature="validateAddTwoItemsToCart()[pri:3, instance:tests.TestCases@6a192cfe]" started-at="2026-03-22T13:14:42 EDT" name="validateAddTwoItemsToCart" description="Validate adding two items to the cart and checkout" finished-at="2026-03-22T13:14:56 EDT" duration-ms="14373" status="PASS">
          <reporter-output>
          </reporter-output>
        </test-method> <!-- validateAddTwoItemsToCart -->
        <test-method is-config="true" signature="teardown()[pri:0, instance:tests.TestCases@6a192cfe]" started-at="2026-03-22T13:14:56 EDT" name="teardown" finished-at="2026-03-22T13:14:57 EDT" duration-ms="276" status="PASS">
          <reporter-output>
          </reporter-output>
        </test-method> <!-- teardown -->
        <test-method is-config="true" signature="setup()[pri:0, instance:tests.TestCases@6a192cfe]" started-at="2026-03-22T13:14:57 EDT" name="setup" finished-at="2026-03-22T13:14:58 EDT" duration-ms="1868" status="PASS">
          <reporter-output>
          </reporter-output>
        </test-method> <!-- setup -->
        <test-method signature="validateLoginFailure()[pri:4, instance:tests.TestCases@6a192cfe]" started-at="2026-03-22T13:14:58 EDT" name="validateLoginFailure" description="Validate login with incorrect credentials" finished-at="2026-03-22T13:15:02 EDT" duration-ms="3879" status="PASS">
          <reporter-output>
          </reporter-output>
        </test-method> <!-- validateLoginFailure -->
        <test-method is-config="true" signature="teardown()[pri:0, instance:tests.TestCases@6a192cfe]" started-at="2026-03-22T13:15:02 EDT" name="teardown" finished-at="2026-03-22T13:15:03 EDT" duration-ms="278" status="PASS">
          <reporter-output>
          </reporter-output>
        </test-method> <!-- teardown -->
        <test-method is-config="true" signature="setup()[pri:0, instance:tests.TestCases@6a192cfe]" started-at="2026-03-22T13:15:03 EDT" name="setup" finished-at="2026-03-22T13:15:05 EDT" duration-ms="1987" status="PASS">
          <reporter-output>
          </reporter-output>
        </test-method> <!-- setup -->
        <test-method signature="validateSignup()[pri:5, instance:tests.TestCases@6a192cfe]" started-at="2026-03-22T13:15:05 EDT" name="validateSignup" description="Validate the SignUp as User scenario" finished-at="2026-03-22T13:15:12 EDT" duration-ms="6958" status="PASS">
          <reporter-output>
          </reporter-output>
        </test-method> <!-- validateSignup -->
        <test-method is-config="true" signature="teardown()[pri:0, instance:tests.TestCases@6a192cfe]" started-at="2026-03-22T13:15:12 EDT" name="teardown" finished-at="2026-03-22T13:15:12 EDT" duration-ms="256" status="PASS">
          <reporter-output>
          </reporter-output>
        </test-method> <!-- teardown -->
      </class> <!-- tests.TestCases -->
    </test> <!-- UIAutomationTests -->
  </suite> <!-- MedicareAutomationSuite -->
</testng-results>
