<?xml version="1.0" encoding="UTF-8"?>
<!-- Generated by org.testng.reporters.JUnitReportReporter -->
<testsuite hostname="CHUY-SURFACE-PRO-8" failures="0" tests="5" name="tests.TestCases" time="51.128" errors="0" timestamp="2026-03-22T13:15:12 EDT" skipped="0">
  <testcase classname="tests.TestCases" name="validateLoginSuccess" time="4.952"/>
  <system-out/>
  <testcase classname="tests.TestCases" name="validateAddOneItemToCart" time="13.953"/>
  <system-out/>
  <testcase classname="tests.TestCases" name="validateAddTwoItemsToCart" time="16.600"/>
  <system-out/>
  <testcase classname="tests.TestCases" name="validateLoginFailure" time="6.067"/>
  <system-out/>
  <testcase classname="tests.TestCases" name="validateSignup" time="9.556"/>
  <system-out/>
</testsuite> <!-- tests.TestCases -->
