<?xml version="1.0" encoding="UTF-8"?>
<!-- Generated by org.testng.reporters.JUnitReportReporter -->
<testsuite hostname="CHUY-SURFACE-PRO-8" failures="0" tests="5" name="tests.TestCases" time="52.878" errors="0" timestamp="2026-03-22T13:11:05 EDT" skipped="0">
  <testcase classname="tests.TestCases" name="validateLoginSuccess" time="5.786"/>
  <system-out/>
  <testcase classname="tests.TestCases" name="validateAddOneItemToCart" time="14.078"/>
  <system-out/>
  <testcase classname="tests.TestCases" name="validateAddTwoItemsToCart" time="17.604"/>
  <system-out/>
  <testcase classname="tests.TestCases" name="validateLoginFailure" time="6.066"/>
  <system-out/>
  <testcase classname="tests.TestCases" name="validateSignup" time="9.344"/>
  <system-out/>
</testsuite> <!-- tests.TestCases -->
